noIter	Time[s]	UxResInit	UyResInit	UzResInit	pResInit	kResInit	epsilonResInit	omegaResInit	TResInit
1	1.000000	0.000000	66279.227714	0.133226	0.000910	1.000000	1.000000	1.000000	0.000000
2	2.000000	0.002882	0.017222	0.068398	0.000049	1.000000	1.000000	1.000000	0.000000
3	3.000000	0.055613	0.474004	0.016681	0.000893	1.000000	1.000000	1.000000	0.000000
4	4.000000	0.002595	0.014511	0.018451	0.000012	1.000000	1.000000	1.000000	0.000000
5	5.000000	0.029754	0.043776	0.040760	0.000122	1.000000	1.000000	1.000000	0.000000
6	6.000000	0.004300	0.015010	0.018685	0.000106	1.000000	1.000000	1.000000	0.000000
7	7.000000	0.006540	0.012649	0.015750	0.000066	1.000000	1.000000	1.000000	0.000000
8	8.000000	0.005384	0.010668	0.014041	0.000049	1.000000	1.000000	1.000000	0.000000
9	9.000000	0.006366	0.010179	0.011829	0.000039	1.000000	1.000000	1.000000	0.000000
10	10.000000	0.006067	0.009738	0.011467	0.000031	1.000000	1.000000	1.000000	0.000000
11	11.000000	0.005702	0.008780	0.008047	0.000027	1.000000	1.000000	1.000000	0.000000
12	12.000000	0.005284	0.008096	0.007040	0.000024	1.000000	1.000000	1.000000	0.000000
13	13.000000	0.004996	0.007629	0.006354	0.000022	1.000000	1.000000	1.000000	0.000000
14	14.000000	0.004887	0.007418	0.005809	0.000019	1.000000	1.000000	1.000000	0.000000
15	15.000000	0.004661	0.007156	0.005444	0.000014	1.000000	1.000000	1.000000	0.000000
16	16.000000	0.004553	0.007105	0.005279	0.000012	1.000000	1.000000	1.000000	0.000000
17	17.000000	0.004580	0.007231	0.005218	0.000016	1.000000	1.000000	1.000000	0.000000
18	18.000000	0.004735	0.007517	0.005244	0.000024	1.000000	1.000000	1.000000	0.000000
19	19.000000	0.005049	0.008027	0.005410	0.000034	1.000000	1.000000	1.000000	0.000000
20	20.000000	0.005384	0.008642	0.005626	0.000045	1.000000	1.000000	1.000000	0.000000
21	21.000000	0.005799	0.009338	0.005786	0.000056	1.000000	1.000000	1.000000	0.000000
22	22.000000	0.006266	0.010064	0.005999	0.000061	1.000000	1.000000	1.000000	0.000000
23	23.000000	0.006853	0.011081	0.006327	0.000066	1.000000	1.000000	1.000000	0.000000
24	24.000000	0.007360	0.011709	0.006381	0.000070	1.000000	1.000000	1.000000	0.000000
25	25.000000	0.007992	0.012809	0.006737	0.000074	1.000000	1.000000	1.000000	0.000000
26	26.000000	0.008662	0.013736	0.007192	0.000080	1.000000	1.000000	1.000000	0.000000
27	27.000000	0.008630	0.013591	0.007178	0.000084	1.000000	1.000000	1.000000	0.000000
28	28.000000	0.008412	0.013432	0.007050	0.000075	1.000000	1.000000	1.000000	0.000000
29	29.000000	0.008291	0.013067	0.006941	0.000066	1.000000	1.000000	1.000000	0.000000
30	30.000000	0.008265	0.012741	0.006901	0.000059	1.000000	1.000000	1.000000	0.000000
31	31.000000	0.008282	0.012634	0.006878	0.000054	1.000000	1.000000	1.000000	0.000000
32	32.000000	0.008298	0.012520	0.006827	0.000050	1.000000	1.000000	1.000000	0.000000
33	33.000000	0.008170	0.012258	0.006930	0.000046	1.000000	1.000000	1.000000	0.000000
34	34.000000	0.008095	0.012052	0.007097	0.000042	1.000000	1.000000	1.000000	0.000000
35	35.000000	0.008064	0.011970	0.007083	0.000039	1.000000	1.000000	1.000000	0.000000
36	36.000000	0.008099	0.011883	0.007120	0.000037	1.000000	1.000000	1.000000	0.000000
37	37.000000	0.008442	0.011683	0.007150	0.000037	1.000000	1.000000	1.000000	0.000000
38	38.000000	0.008340	0.011106	0.007278	0.000034	1.000000	1.000000	1.000000	0.000000
39	39.000000	0.008189	0.011001	0.007486	0.000034	1.000000	1.000000	1.000000	0.000000
40	40.000000	0.008467	0.010699	0.007732	0.000034	1.000000	1.000000	1.000000	0.000000
41	41.000000	0.012032	0.012093	0.011692	0.165231	1.000000	1.000000	1.000000	0.000000
42	42.000000	0.153465	0.079885	0.086415	0.000394	1.000000	1.000000	1.000000	0.000000
43	43.000000	0.038559	0.035220	0.035058	0.000074	1.000000	1.000000	1.000000	0.000000
44	44.000000	0.042770	0.043349	0.042581	0.000258	1.000000	1.000000	1.000000	0.000000
45	45.000000	0.019820	0.018900	0.020287	0.000150	1.000000	1.000000	1.000000	0.000000
46	46.000000	0.016747	0.016810	0.017320	0.000109	1.000000	1.000000	1.000000	0.000000
47	47.000000	0.013552	0.012973	0.013994	0.000074	1.000000	1.000000	1.000000	0.000000
48	48.000000	0.012727	0.012116	0.012986	0.000060	1.000000	1.000000	1.000000	0.000000
49	49.000000	0.011543	0.010753	0.011575	0.000050	1.000000	1.000000	1.000000	0.000000
50	50.000000	0.011137	0.010129	0.011115	0.000040	1.000000	1.000000	1.000000	0.000000
51	51.000000	0.010629	0.009493	0.010441	0.000036	1.000000	1.000000	1.000000	0.000000
52	52.000000	0.010389	0.009171	0.010104	0.000032	1.000000	1.000000	1.000000	0.000000
53	53.000000	0.010227	0.008864	0.009822	0.000030	1.000000	1.000000	1.000000	0.000000
54	54.000000	0.010148	0.008641	0.009531	0.000028	1.000000	1.000000	1.000000	0.000000
55	55.000000	0.010143	0.008470	0.009422	0.000026	1.000000	1.000000	1.000000	0.000000
56	56.000000	0.010026	0.008169	0.009177	0.000026	1.000000	1.000000	1.000000	0.000000
57	57.000000	0.009898	0.007875	0.008912	0.000025	1.000000	1.000000	1.000000	0.000000
58	58.000000	0.009735	0.007673	0.008628	0.000025	1.000000	1.000000	1.000000	0.000000
59	59.000000	0.009231	0.007254	0.008206	0.000023	1.000000	1.000000	1.000000	0.000000
60	60.000000	0.009038	0.007017	0.007924	0.000021	1.000000	1.000000	1.000000	0.000000
61	61.000000	0.008830	0.006868	0.007690	0.000020	1.000000	1.000000	1.000000	0.000000
62	62.000000	0.008620	0.006667	0.007414	0.000018	1.000000	1.000000	1.000000	0.000000
63	63.000000	0.008562	0.006400	0.007299	0.000017	1.000000	1.000000	1.000000	0.000000
64	64.000000	0.008491	0.006540	0.007299	0.000017	1.000000	1.000000	1.000000	0.000000
65	65.000000	0.008480	0.006222	0.007066	0.000017	1.000000	1.000000	1.000000	0.000000
66	66.000000	0.008582	0.006273	0.007033	0.000017	1.000000	1.000000	1.000000	0.000000
67	67.000000	0.008735	0.006375	0.007040	0.000020	1.000000	1.000000	1.000000	0.000000
68	68.000000	0.008633	0.006367	0.006891	0.000022	1.000000	1.000000	1.000000	0.000000
69	69.000000	0.008675	0.006405	0.006974	0.000023	1.000000	1.000000	1.000000	0.000000
70	70.000000	0.008934	0.006422	0.007352	0.000026	1.000000	1.000000	1.000000	0.000000
71	71.000000	0.009147	0.006420	0.007351	0.000028	1.000000	1.000000	1.000000	0.000000
72	72.000000	0.009485	0.006633	0.007499	0.000031	1.000000	1.000000	1.000000	0.000000
73	73.000000	0.009879	0.007224	0.007929	0.000034	1.000000	1.000000	1.000000	0.000000
74	74.000000	0.010294	0.007207	0.008114	0.000037	1.000000	1.000000	1.000000	0.000000
75	75.000000	0.010826	0.007631	0.008554	0.000041	1.000000	1.000000	1.000000	0.000000
76	76.000000	0.010868	0.007734	0.008671	0.000045	1.000000	1.000000	1.000000	0.000000
77	77.000000	0.010801	0.007664	0.008675	0.000045	1.000000	1.000000	1.000000	0.000000
78	78.000000	0.010715	0.007691	0.008593	0.000043	1.000000	1.000000	1.000000	0.000000
79	79.000000	0.010579	0.007648	0.008644	0.000040	1.000000	1.000000	1.000000	0.000000
80	80.000000	0.010705	0.007680	0.008768	0.000039	1.000000	1.000000	1.000000	0.000000
81	81.000000	0.010717	0.007676	0.008934	0.000038	1.000000	1.000000	1.000000	0.000000
82	82.000000	0.010686	0.007709	0.009082	0.000038	1.000000	1.000000	1.000000	0.000000
83	83.000000	0.010798	0.007724	0.009234	0.000039	1.000000	1.000000	1.000000	0.000000
84	84.000000	0.010838	0.007829	0.009344	0.000038	1.000000	1.000000	1.000000	0.000000
85	85.000000	0.010925	0.007856	0.009494	0.000037	1.000000	1.000000	1.000000	0.000000
86	86.000000	0.011001	0.007888	0.009647	0.000037	1.000000	1.000000	1.000000	0.000000
87	87.000000	0.011116	0.007990	0.009725	0.000036	1.000000	1.000000	1.000000	0.000000
88	88.000000	0.011123	0.008095	0.009886	0.000036	1.000000	1.000000	1.000000	0.000000
89	89.000000	0.011299	0.008259	0.010144	0.000038	1.000000	1.000000	1.000000	0.000000
90	90.000000	0.011328	0.008328	0.010397	0.000039	1.000000	1.000000	1.000000	0.000000
91	91.000000	0.011332	0.008426	0.010534	0.000040	1.000000	1.000000	1.000000	0.000000
92	92.000000	0.011397	0.008550	0.010696	0.000039	1.000000	1.000000	1.000000	0.000000
93	93.000000	0.011618	0.008766	0.010880	0.000039	1.000000	1.000000	1.000000	0.000000
94	94.000000	0.011819	0.008838	0.011276	0.000041	1.000000	1.000000	1.000000	0.000000
95	95.000000	0.012010	0.009074	0.011747	0.000042	1.000000	1.000000	1.000000	0.000000
96	96.000000	0.012038	0.009253	0.011871	0.000043	1.000000	1.000000	1.000000	0.000000
97	97.000000	0.012030	0.009448	0.011928	0.000042	1.000000	1.000000	1.000000	0.000000
98	98.000000	0.012071	0.009725	0.012134	0.000042	1.000000	1.000000	1.000000	0.000000
99	99.000000	0.012162	0.010087	0.012401	0.000042	1.000000	1.000000	1.000000	0.000000
100	100.000000	0.012220	0.010463	0.012675	0.000043	1.000000	1.000000	1.000000	0.000000
101	101.000000	0.012177	0.010382	0.012743	0.000043	1.000000	1.000000	1.000000	0.000000
102	102.000000	0.012223	0.010711	0.012993	0.000044	1.000000	1.000000	1.000000	0.000000
103	103.000000	0.012257	0.010910	0.013227	0.000044	1.000000	1.000000	1.000000	0.000000
104	104.000000	0.012166	0.011056	0.013556	0.000045	1.000000	1.000000	1.000000	0.000000
105	105.000000	0.011935	0.011120	0.013324	0.000045	1.000000	1.000000	1.000000	0.000000
106	106.000000	0.011529	0.010970	0.013280	0.000043	1.000000	1.000000	1.000000	0.000000
107	107.000000	0.011268	0.010917	0.013153	0.000042	1.000000	1.000000	1.000000	0.000000
108	108.000000	0.010857	0.010672	0.012965	0.000040	1.000000	1.000000	1.000000	0.000000
109	109.000000	0.010745	0.010456	0.012675	0.000038	1.000000	1.000000	1.000000	0.000000
110	110.000000	0.010234	0.010132	0.012424	0.000036	1.000000	1.000000	1.000000	0.000000
111	111.000000	0.009810	0.009830	0.012185	0.000034	1.000000	1.000000	1.000000	0.000000
112	112.000000	0.009534	0.009523	0.011878	0.000033	1.000000	1.000000	1.000000	0.000000
113	113.000000	0.009211	0.009253	0.011570	0.000030	1.000000	1.000000	1.000000	0.000000
114	114.000000	0.009058	0.009076	0.011325	0.000028	1.000000	1.000000	1.000000	0.000000
115	115.000000	0.008885	0.008892	0.011037	0.000027	1.000000	1.000000	1.000000	0.000000
116	116.000000	0.008714	0.008713	0.010794	0.000026	1.000000	1.000000	1.000000	0.000000
117	117.000000	0.008636	0.008550	0.010543	0.000024	1.000000	1.000000	1.000000	0.000000
118	118.000000	0.008586	0.008446	0.010333	0.000023	1.000000	1.000000	1.000000	0.000000
119	119.000000	0.008503	0.008286	0.010051	0.000022	1.000000	1.000000	1.000000	0.000000
120	120.000000	0.008546	0.008141	0.009860	0.000022	1.000000	1.000000	1.000000	0.000000
121	121.000000	0.008520	0.008025	0.009718	0.000022	1.000000	1.000000	1.000000	0.000000
122	122.000000	0.009377	0.007948	0.009569	0.000022	1.000000	1.000000	1.000000	0.000000
123	123.000000	0.008559	0.007845	0.009328	0.000022	1.000000	1.000000	1.000000	0.000000
124	124.000000	0.008342	0.007766	0.009166	0.000021	1.000000	1.000000	1.000000	0.000000
125	125.000000	0.008664	0.007697	0.009048	0.000020	1.000000	1.000000	1.000000	0.000000
126	126.000000	0.008076	0.007659	0.008917	0.000020	1.000000	1.000000	1.000000	0.000000